<?xml version="1.0" encoding="UTF-8"?>
<!-- Generated by org.testng.reporters.JUnitReportReporter -->
<testsuite hostname="Sunitha" failures="0" tests="1" name="com.saturday.PracticeTest" time="0.005" errors="0" timestamp="2022-08-13T17:04:36 IST" skipped="0">
  <testcase classname="com.saturday.PracticeTest" name="testStart" time="0.005"/>
  <system-out>
    <![CDATA[hello]]>
  </system-out>
</testsuite> <!-- com.saturday.PracticeTest -->
